<?xml version="1.0" encoding="UTF-8"?>
<!-- Generated by org.testng.reporters.JUnitReportReporter -->
<testsuite skipped="0" hostname="LAPTOP-7UVMCO0K" name="org.testleaf.testcase.TC01" tests="1" failures="0" timestamp="2019-12-14T16:46:41 IST" time="25.503" errors="0">
  <testcase name="VerifyProduct" time="25.503" classname="org.testleaf.testcase.TC01"/>
</testsuite> <!-- org.testleaf.testcase.TC01 -->
